<?xml version="1.0" encoding="UTF-8"?>
<testsuite xmlns:xsi="http://www.w3.org/2001/XMLSchema-instance" xsi:noNamespaceSchemaLocation="https://maven.apache.org/surefire/maven-surefire-plugin/xsd/surefire-test-report.xsd" name="in.elayaramanramalingam.ohara.TestGetAllUsers" time="0.88" tests="2" errors="0" skipped="0" failures="2">
  <properties>
    <property name="java.specification.version" value="17"/>
    <property name="sun.cpu.isalist" value="amd64"/>
    <property name="sun.jnu.encoding" value="Cp1252"/>
    <property name="java.class.path" value="C:\software\Eclipse_ide_workspace\minecraft\target\test-classes;C:\software\Eclipse_ide_workspace\minecraft\target\classes;C:\Users\ElayaramanRamalingam\.m2\repository\org\junit\jupiter\junit-jupiter-api\5.8.2\junit-jupiter-api-5.8.2.jar;C:\Users\ElayaramanRamalingam\.m2\repository\org\opentest4j\opentest4j\1.2.0\opentest4j-1.2.0.jar;C:\Users\ElayaramanRamalingam\.m2\repository\org\junit\platform\junit-platform-commons\1.8.2\junit-platform-commons-1.8.2.jar;C:\Users\ElayaramanRamalingam\.m2\repository\org\apiguardian\apiguardian-api\1.1.2\apiguardian-api-1.1.2.jar;C:\Users\ElayaramanRamalingam\.m2\repository\mysql\mysql-connector-java\8.0.28\mysql-connector-java-8.0.28.jar;C:\Users\ElayaramanRamalingam\.m2\repository\com\google\protobuf\protobuf-java\3.11.4\protobuf-java-3.11.4.jar;C:\Users\ElayaramanRamalingam\.m2\repository\com\fssa\corejava\template\1.0.0\template-1.0.0.jar;"/>
    <property name="java.vm.vendor" value="Eclipse Adoptium"/>
    <property name="sun.arch.data.model" value="64"/>
    <property name="user.variant" value=""/>
    <property name="java.vendor.url" value="https://adoptium.net/"/>
    <property name="user.timezone" value="Asia/Calcutta"/>
    <property name="os.name" value="Windows 11"/>
    <property name="java.vm.specification.version" value="17"/>
    <property name="sun.java.launcher" value="SUN_STANDARD"/>
    <property name="user.country" value="IN"/>
    <property name="sun.boot.library.path" value="C:\software\plugins\org.eclipse.justj.openjdk.hotspot.jre.full.win32.x86_64_17.0.6.v20230204-1729\jre\bin"/>
    <property name="sun.java.command" value="C:\Users\ELAYAR~1\AppData\Local\Temp\surefire10562719464735227787\surefirebooter16896400530433591222.jar C:\Users\ElayaramanRamalingam\AppData\Local\Temp\surefire10562719464735227787 2023-07-25T12-07-33_197-jvmRun1 surefire15172976155000757810tmp surefire_011821415540075251016tmp"/>
    <property name="jdk.debug" value="release"/>
    <property name="surefire.test.class.path" value="C:\software\Eclipse_ide_workspace\minecraft\target\test-classes;C:\software\Eclipse_ide_workspace\minecraft\target\classes;C:\Users\ElayaramanRamalingam\.m2\repository\org\junit\jupiter\junit-jupiter-api\5.8.2\junit-jupiter-api-5.8.2.jar;C:\Users\ElayaramanRamalingam\.m2\repository\org\opentest4j\opentest4j\1.2.0\opentest4j-1.2.0.jar;C:\Users\ElayaramanRamalingam\.m2\repository\org\junit\platform\junit-platform-commons\1.8.2\junit-platform-commons-1.8.2.jar;C:\Users\ElayaramanRamalingam\.m2\repository\org\apiguardian\apiguardian-api\1.1.2\apiguardian-api-1.1.2.jar;C:\Users\ElayaramanRamalingam\.m2\repository\mysql\mysql-connector-java\8.0.28\mysql-connector-java-8.0.28.jar;C:\Users\ElayaramanRamalingam\.m2\repository\com\google\protobuf\protobuf-java\3.11.4\protobuf-java-3.11.4.jar;C:\Users\ElayaramanRamalingam\.m2\repository\com\fssa\corejava\template\1.0.0\template-1.0.0.jar;"/>
    <property name="sun.cpu.endian" value="little"/>
    <property name="user.home" value="C:\Users\ElayaramanRamalingam"/>
    <property name="user.language" value="en"/>
    <property name="java.specification.vendor" value="Oracle Corporation"/>
    <property name="java.version.date" value="2023-01-17"/>
    <property name="java.home" value="C:\software\plugins\org.eclipse.justj.openjdk.hotspot.jre.full.win32.x86_64_17.0.6.v20230204-1729\jre"/>
    <property name="file.separator" value="\"/>
    <property name="style.color" value="always"/>
    <property name="basedir" value="C:\software\Eclipse_ide_workspace\minecraft"/>
    <property name="java.vm.compressedOopsMode" value="32-bit"/>
    <property name="line.separator" value="&#10;"/>
    <property name="java.vm.specification.vendor" value="Oracle Corporation"/>
    <property name="java.specification.name" value="Java Platform API Specification"/>
    <property name="surefire.real.class.path" value="C:\Users\ELAYAR~1\AppData\Local\Temp\surefire10562719464735227787\surefirebooter16896400530433591222.jar"/>
    <property name="user.script" value=""/>
    <property name="sun.management.compiler" value="HotSpot 64-Bit Tiered Compilers"/>
    <property name="java.runtime.version" value="17.0.6+10"/>
    <property name="user.name" value="ElayaramanRamalingam"/>
    <property name="path.separator" value=";"/>
    <property name="os.version" value="10.0"/>
    <property name="java.runtime.name" value="OpenJDK Runtime Environment"/>
    <property name="file.encoding" value="Cp1252"/>
    <property name="java.vm.name" value="OpenJDK 64-Bit Server VM"/>
    <property name="java.vendor.version" value="Temurin-17.0.6+10"/>
    <property name="localRepository" value="C:\Users\ElayaramanRamalingam\.m2\repository"/>
    <property name="java.vendor.url.bug" value="https://github.com/adoptium/adoptium-support/issues"/>
    <property name="java.io.tmpdir" value="C:\Users\ELAYAR~1\AppData\Local\Temp\"/>
    <property name="java.version" value="17.0.6"/>
    <property name="user.dir" value="C:\software\Eclipse_ide_workspace\minecraft"/>
    <property name="os.arch" value="amd64"/>
    <property name="java.vm.specification.name" value="Java Virtual Machine Specification"/>
    <property name="sun.os.patch.level" value=""/>
    <property name="native.encoding" value="Cp1252"/>
    <property name="java.library.path" value="C:\software\plugins\org.eclipse.justj.openjdk.hotspot.jre.full.win32.x86_64_17.0.6.v20230204-1729\jre\bin;C:\WINDOWS\Sun\Java\bin;C:\WINDOWS\system32;C:\WINDOWS;C:/Users/ElayaramanRamalingam/Downloads/eclipse-jee-2023-03-R-win32-x86_64 (1)/eclipse//plugins/org.eclipse.justj.openjdk.hotspot.jre.full.win32.x86_64_17.0.6.v20230204-1729/jre/bin/server;C:/Users/ElayaramanRamalingam/Downloads/eclipse-jee-2023-03-R-win32-x86_64 (1)/eclipse//plugins/org.eclipse.justj.openjdk.hotspot.jre.full.win32.x86_64_17.0.6.v20230204-1729/jre/bin;C:\Program Files\Common Files\Oracle\Java\javapath;C:\WINDOWS\system32;C:\WINDOWS;C:\WINDOWS\System32\Wbem;C:\WINDOWS\System32\WindowsPowerShell\v1.0\;C:\WINDOWS\System32\OpenSSH\;C:\Program Files\Git\cmd;C:\Program Files\Microsoft SQL Server\130\Tools\Binn\;C:\Program Files\dotnet\;C:\WINDOWS\system32;C:\WINDOWS;C:\WINDOWS\System32\Wbem;C:\WINDOWS\System32\WindowsPowerShell\v1.0\;C:\WINDOWS\System32\OpenSSH\;C:\Program Files\Microsoft SQL Server\150\Tools\Binn\;C:\Program Files\Microsoft SQL Server\Client SDK\ODBC\170\Tools\Binn\;C:\Program Files\Java\jdk-17\bin;C:\Users\ElayaramanRamalingam\AppData\Roaming\nvm;C:\Program Files\nodejs;C:\Users\ElayaramanRamalingam\.console-ninja\.bin;C:\Users\ElayaramanRamalingam\AppData\Local\Programs\Python\Python311\Scripts\;C:\Users\ElayaramanRamalingam\AppData\Local\Programs\Python\Python311\;C:\Program Files\MySQL\MySQL Shell 8.0\bin\;C:\Users\ElayaramanRamalingam\AppData\Local\Microsoft\WindowsApps;C:\Users\ElayaramanRamalingam\AppData\Local\Programs\Microsoft VS Code\bin;C:\Users\ElayaramanRamalingam\AppData\Local\GitHubDesktop\bin;C:\Users\ElayaramanRamalingam\.dotnet\tools;C:\Program Files\JetBrains\PyCharm Community Edition 2023.1.1\bin;;C:\Program Files\JetBrains\IntelliJ IDEA Community Edition 2023.1.2\bin;C:\Users\ElayaramanRamalingam\AppData\Roaming\nvm;C:\Program Files\nodejs;%USERPROFILE%\AppData\Local\Microsoft\WindowsApps;C:\Users\ElayaramanRamalingam\Downloads\eclipse-jee-2023-03-R-win32-x86_64 (1)\eclipse;;."/>
    <property name="java.vm.info" value="mixed mode"/>
    <property name="java.vendor" value="Eclipse Adoptium"/>
    <property name="java.vm.version" value="17.0.6+10"/>
    <property name="sun.io.unicode.encoding" value="UnicodeLittle"/>
    <property name="java.class.version" value="61.0"/>
  </properties>
  <testcase name="in.elayaramanramalingam.ohara.TestGetAllUsers.testGetAllUsers" classname="in.elayaramanramalingam.ohara.TestGetAllUsers" time="0.401">
    <failure message="java.sql.SQLException: Access denied for user &apos;bog7xv47i1ni3arahpga&apos;" type="java.lang.RuntimeException"><![CDATA[java.lang.RuntimeException: java.sql.SQLException: Access denied for user 'bog7xv47i1ni3arahpga'
	at in.elayaramanramalingam.ohara.Util.ConnectionUtil.getConnection(ConnectionUtil.java:34)
	at in.elayaramanramalingam.ohara.dao.UserDAO.findAll(UserDAO.java:26)
	at in.elayaramanramalingam.ohara.services.UserServices.getAll(UserServices.java:16)
	at in.elayaramanramalingam.ohara.TestGetAllUsers.testGetAllUsers(TestGetAllUsers.java:16)
Caused by: java.sql.SQLException: Access denied for user 'bog7xv47i1ni3arahpga'
	at com.mysql.cj.jdbc.exceptions.SQLError.createSQLException(SQLError.java:129)
	at com.mysql.cj.jdbc.exceptions.SQLExceptionsMapping.translateException(SQLExceptionsMapping.java:122)
	at com.mysql.cj.jdbc.ConnectionImpl.createNewIO(ConnectionImpl.java:829)
	at com.mysql.cj.jdbc.ConnectionImpl.<init>(ConnectionImpl.java:449)
	at com.mysql.cj.jdbc.ConnectionImpl.getInstance(ConnectionImpl.java:242)
	at com.mysql.cj.jdbc.NonRegisteringDriver.connect(NonRegisteringDriver.java:198)
	at java.sql/java.sql.DriverManager.getConnection(DriverManager.java:681)
	at java.sql/java.sql.DriverManager.getConnection(DriverManager.java:229)
	at in.elayaramanramalingam.ohara.Util.ConnectionUtil.getConnection(ConnectionUtil.java:25)
	... 16 more
]]></failure>
    <system-err><![CDATA[java.sql.SQLException: Access denied for user 'bog7xv47i1ni3arahpga'
	at com.mysql.cj.jdbc.exceptions.SQLError.createSQLException(SQLError.java:129)
	at com.mysql.cj.jdbc.exceptions.SQLExceptionsMapping.translateException(SQLExceptionsMapping.java:122)
	at com.mysql.cj.jdbc.ConnectionImpl.createNewIO(ConnectionImpl.java:829)
	at com.mysql.cj.jdbc.ConnectionImpl.<init>(ConnectionImpl.java:449)
	at com.mysql.cj.jdbc.ConnectionImpl.getInstance(ConnectionImpl.java:242)
	at com.mysql.cj.jdbc.NonRegisteringDriver.connect(NonRegisteringDriver.java:198)
	at java.sql/java.sql.DriverManager.getConnection(DriverManager.java:681)
	at java.sql/java.sql.DriverManager.getConnection(DriverManager.java:229)
	at in.elayaramanramalingam.ohara.Util.ConnectionUtil.getConnection(ConnectionUtil.java:25)
	at in.elayaramanramalingam.ohara.dao.UserDAO.findAll(UserDAO.java:26)
	at in.elayaramanramalingam.ohara.services.UserServices.getAll(UserServices.java:16)
	at in.elayaramanramalingam.ohara.TestGetAllUsers.testGetAllUsers(TestGetAllUsers.java:16)
	at java.base/jdk.internal.reflect.NativeMethodAccessorImpl.invoke0(Native Method)
	at java.base/jdk.internal.reflect.NativeMethodAccessorImpl.invoke(NativeMethodAccessorImpl.java:77)
	at java.base/jdk.internal.reflect.DelegatingMethodAccessorImpl.invoke(DelegatingMethodAccessorImpl.java:43)
	at java.base/java.lang.reflect.Method.invoke(Method.java:568)
	at org.apache.maven.surefire.junit.PojoTestSet.executeTestMethod(PojoTestSet.java:146)
	at org.apache.maven.surefire.junit.PojoTestSet.executeTestMethods(PojoTestSet.java:108)
	at org.apache.maven.surefire.junit.PojoTestSet.execute(PojoTestSet.java:89)
	at org.apache.maven.surefire.junit.JUnit3Provider.executeTestSet(JUnit3Provider.java:140)
	at org.apache.maven.surefire.junit.JUnit3Provider.invoke(JUnit3Provider.java:113)
	at org.apache.maven.surefire.booter.ForkedBooter.invokeProviderInSameClassLoader(ForkedBooter.java:384)
	at org.apache.maven.surefire.booter.ForkedBooter.runSuitesInProcess(ForkedBooter.java:345)
	at org.apache.maven.surefire.booter.ForkedBooter.execute(ForkedBooter.java:126)
	at org.apache.maven.surefire.booter.ForkedBooter.main(ForkedBooter.java:418)
]]></system-err>
  </testcase>
  <testcase name="in.elayaramanramalingam.ohara.TestGetAllUsers.testFindById" classname="in.elayaramanramalingam.ohara.TestGetAllUsers" time="0.479">
    <failure message="java.sql.SQLException: Access denied for user &apos;bog7xv47i1ni3arahpga&apos;" type="java.lang.RuntimeException"><![CDATA[java.lang.RuntimeException: java.sql.SQLException: Access denied for user 'bog7xv47i1ni3arahpga'
	at in.elayaramanramalingam.ohara.Util.ConnectionUtil.getConnection(ConnectionUtil.java:34)
	at in.elayaramanramalingam.ohara.dao.UserDAO.findById(UserDAO.java:118)
	at in.elayaramanramalingam.ohara.services.UserServices.findById(UserServices.java:46)
	at in.elayaramanramalingam.ohara.TestGetAllUsers.testFindById(TestGetAllUsers.java:25)
Caused by: java.sql.SQLException: Access denied for user 'bog7xv47i1ni3arahpga'
	at com.mysql.cj.jdbc.exceptions.SQLError.createSQLException(SQLError.java:129)
	at com.mysql.cj.jdbc.exceptions.SQLExceptionsMapping.translateException(SQLExceptionsMapping.java:122)
	at com.mysql.cj.jdbc.ConnectionImpl.createNewIO(ConnectionImpl.java:829)
	at com.mysql.cj.jdbc.ConnectionImpl.<init>(ConnectionImpl.java:449)
	at com.mysql.cj.jdbc.ConnectionImpl.getInstance(ConnectionImpl.java:242)
	at com.mysql.cj.jdbc.NonRegisteringDriver.connect(NonRegisteringDriver.java:198)
	at java.sql/java.sql.DriverManager.getConnection(DriverManager.java:681)
	at java.sql/java.sql.DriverManager.getConnection(DriverManager.java:229)
	at in.elayaramanramalingam.ohara.Util.ConnectionUtil.getConnection(ConnectionUtil.java:25)
	... 16 more
]]></failure>
    <system-err><![CDATA[java.sql.SQLException: Access denied for user 'bog7xv47i1ni3arahpga'
	at com.mysql.cj.jdbc.exceptions.SQLError.createSQLException(SQLError.java:129)
	at com.mysql.cj.jdbc.exceptions.SQLExceptionsMapping.translateException(SQLExceptionsMapping.java:122)
	at com.mysql.cj.jdbc.ConnectionImpl.createNewIO(ConnectionImpl.java:829)
	at com.mysql.cj.jdbc.ConnectionImpl.<init>(ConnectionImpl.java:449)
	at com.mysql.cj.jdbc.ConnectionImpl.getInstance(ConnectionImpl.java:242)
	at com.mysql.cj.jdbc.NonRegisteringDriver.connect(NonRegisteringDriver.java:198)
	at java.sql/java.sql.DriverManager.getConnection(DriverManager.java:681)
	at java.sql/java.sql.DriverManager.getConnection(DriverManager.java:229)
	at in.elayaramanramalingam.ohara.Util.ConnectionUtil.getConnection(ConnectionUtil.java:25)
	at in.elayaramanramalingam.ohara.dao.UserDAO.findById(UserDAO.java:118)
	at in.elayaramanramalingam.ohara.services.UserServices.findById(UserServices.java:46)
	at in.elayaramanramalingam.ohara.TestGetAllUsers.testFindById(TestGetAllUsers.java:25)
	at java.base/jdk.internal.reflect.NativeMethodAccessorImpl.invoke0(Native Method)
	at java.base/jdk.internal.reflect.NativeMethodAccessorImpl.invoke(NativeMethodAccessorImpl.java:77)
	at java.base/jdk.internal.reflect.DelegatingMethodAccessorImpl.invoke(DelegatingMethodAccessorImpl.java:43)
	at java.base/java.lang.reflect.Method.invoke(Method.java:568)
	at org.apache.maven.surefire.junit.PojoTestSet.executeTestMethod(PojoTestSet.java:146)
	at org.apache.maven.surefire.junit.PojoTestSet.executeTestMethods(PojoTestSet.java:108)
	at org.apache.maven.surefire.junit.PojoTestSet.execute(PojoTestSet.java:89)
	at org.apache.maven.surefire.junit.JUnit3Provider.executeTestSet(JUnit3Provider.java:140)
	at org.apache.maven.surefire.junit.JUnit3Provider.invoke(JUnit3Provider.java:113)
	at org.apache.maven.surefire.booter.ForkedBooter.invokeProviderInSameClassLoader(ForkedBooter.java:384)
	at org.apache.maven.surefire.booter.ForkedBooter.runSuitesInProcess(ForkedBooter.java:345)
	at org.apache.maven.surefire.booter.ForkedBooter.execute(ForkedBooter.java:126)
	at org.apache.maven.surefire.booter.ForkedBooter.main(ForkedBooter.java:418)
]]></system-err>
  </testcase>
</testsuite>